2020-08-05T23:10:10.095Z [my-bank-api] info: Api rodando na porta 3000
2020-08-05T23:13:01.131Z [my-bank-api] info: Api rodando na porta 3000
2020-08-05T23:13:39.435Z [my-bank-api] info: Api rodando na porta 3000
2020-08-05T23:14:23.688Z [my-bank-api] error: GET /account - ENOENT: no such file or directory, open 'accounts.json'
2020-08-05T23:21:37.947Z [my-bank-api] info: Api rodando na porta 3000
2020-08-05T23:21:37.951Z [my-bank-api] info: Api Started and File Created!
2020-08-05T23:22:23.345Z [my-bank-api] info: Api rodando na porta 3000
2020-08-05T23:23:18.679Z [my-bank-api] info: Api rodando na porta 3000
2020-08-05T23:24:13.963Z [my-bank-api] info: Api rodando na porta 3000
2020-08-05T23:25:06.801Z [my-bank-api] info: Api rodando na porta 3000
2020-08-05T23:25:57.420Z [my-bank-api] info: Api rodando na porta 3000
2020-08-05T23:26:58.948Z [my-bank-api] info: GET /account
2020-08-05T23:27:10.354Z [my-bank-api] info: POST /account - {"id":1,"name":"Caiu Caiu","balance":1500}
2020-08-05T23:27:35.191Z [my-bank-api] info: POST /account - {"id":2,"name":"Adoletaaa","balance":7500}
2020-08-05T23:35:36.487Z [my-bank-api] info: Api rodando na porta 3000
2020-08-05T23:41:41.464Z [my-bank-api] info: Api rodando na porta 3000
2020-08-05T23:42:16.123Z [my-bank-api] info: Api rodando na porta 3000
2020-08-05T23:42:36.032Z [my-bank-api] info: Api rodando na porta 3000
2020-08-05T23:42:58.450Z [my-bank-api] info: Api rodando na porta 3000
2020-08-05T23:43:07.167Z [my-bank-api] info: Api rodando na porta 3000
2020-08-05T23:43:22.652Z [my-bank-api] info: Api rodando na porta 3000
2020-08-05T23:44:19.587Z [my-bank-api] info: Api rodando na porta 3000
2020-08-05T23:44:27.028Z [my-bank-api] info: Api rodando na porta 3000
2020-08-05T23:44:30.050Z [my-bank-api] info: Api rodando na porta 3000
2020-08-05T23:44:43.522Z [my-bank-api] info: Api rodando na porta 3000
2020-08-05T23:45:06.413Z [my-bank-api] error: POST /account - O campo nome deve ser uma string e o balance deve ser um número
2020-08-05T23:45:25.842Z [my-bank-api] error: POST /account - O campo nome deve ser uma string e o balance deve ser um número
2020-08-05T23:46:58.939Z [my-bank-api] error: POST /account - O campo nome deve ser uma string e o balance deve ser um número
2020-08-05T23:47:03.631Z [my-bank-api] error: POST /account - O campo nome deve ser uma string e o balance deve ser um número
2020-08-05T23:47:04.507Z [my-bank-api] error: POST /account - O campo nome deve ser uma string e o balance deve ser um número
2020-08-05T23:47:05.226Z [my-bank-api] error: POST /account - O campo nome deve ser uma string e o balance deve ser um número
2020-08-05T23:47:05.858Z [my-bank-api] error: POST /account - O campo nome deve ser uma string e o balance deve ser um número
2020-08-05T23:47:06.608Z [my-bank-api] error: POST /account - O campo nome deve ser uma string e o balance deve ser um número
2020-08-05T23:47:07.619Z [my-bank-api] error: POST /account - O campo nome deve ser uma string e o balance deve ser um número
2020-08-05T23:47:08.578Z [my-bank-api] error: POST /account - O campo nome deve ser uma string e o balance deve ser um número
2020-08-05T23:47:09.431Z [my-bank-api] error: POST /account - O campo nome deve ser uma string e o balance deve ser um número
2020-08-05T23:49:19.451Z [my-bank-api] info: Api rodando na porta 3000
2020-08-05T23:49:21.361Z [my-bank-api] info: Api rodando na porta 3000
2020-08-05T23:49:25.404Z [my-bank-api] error: POST /account - O campo Nome e Balance devem ser preenchidos
2020-08-05T23:49:51.772Z [my-bank-api] info: Api rodando na porta 3000
2020-08-05T23:58:42.891Z [my-bank-api] info: Api rodando na porta 3000
2020-08-05T23:59:17.313Z [my-bank-api] info: Api rodando na porta 3000
2020-08-06T00:00:07.257Z [my-bank-api] info: GET /account
2020-08-06T00:00:49.676Z [my-bank-api] error: PUT /account - O campo Nome e Balance devem ser preenchidos
2020-08-06T00:01:01.934Z [my-bank-api] error: PUT /account - O campo nome deve ser uma string e o balance deve ser um número
2020-08-06T00:01:11.820Z [my-bank-api] error: PUT /account - O campo nome deve ser uma string e o balance deve ser um número
2020-08-06T00:01:12.662Z [my-bank-api] error: PUT /account - O campo nome deve ser uma string e o balance deve ser um número
2020-08-06T00:01:39.602Z [my-bank-api] info: Api rodando na porta 3000
2020-08-06T00:01:42.463Z [my-bank-api] info: PUT /account:id - [object Object]
2020-08-06T00:01:48.153Z [my-bank-api] info: GET /account
2020-08-06T00:02:04.186Z [my-bank-api] info: PUT /account:id - [object Object]
2020-08-06T00:02:08.332Z [my-bank-api] info: GET /account
2020-08-06T00:02:45.298Z [my-bank-api] info: Api rodando na porta 3000
2020-08-06T00:02:49.615Z [my-bank-api] info: GET /account
2020-08-06T00:03:09.499Z [my-bank-api] info: Api rodando na porta 3000
2020-08-06T00:03:12.651Z [my-bank-api] info: Api rodando na porta 3000
2020-08-06T00:03:20.823Z [my-bank-api] info: GET /account
2020-08-06T00:03:21.719Z [my-bank-api] info: GET /account
2020-08-06T00:03:31.209Z [my-bank-api] info: PUT /account:id - [object Object]
